top - 03:24:22 up 78 days, 21:50,  0 users,  load average: 0.44, 0.53, 0.60
Tasks:   4 total,   1 running,   3 sleeping,   0 stopped,   0 zombie
%Cpu0  :   0.0/6.2     6[||||||                                                                                              ]
%Cpu1  :   0.0/0.0     0[                                                                                                    ]
%Cpu2  :  64.3/0.0    64[||||||||||||||||||||||||||||||||||||||||||||||||||||||||||||||||                                    ]
%Cpu3  :   0.0/0.0     0[                                                                                                    ]
%Cpu4  :   0.0/0.0     0[                                                                                                    ]
%Cpu5  :   0.0/0.0     0[                                                                                                    ]
%Cpu6  :   0.0/6.2     6[||||||                                                                                              ]
%Cpu7  :   0.0/0.0     0[                                                                                                    ]
%Cpu8  :   0.0/0.0     0[                                                                                                    ]
%Cpu9  :   0.0/0.0     0[                                                                                                    ]
%Cpu10 :   0.0/0.0     0[                                                                                                    ]
%Cpu11 :   0.0/0.0     0[                                                                                                    ]
%Cpu12 :   0.0/0.0     0[                                                                                                    ]
%Cpu13 :   0.0/0.0     0[                                                                                                    ]
%Cpu14 :   0.0/0.0     0[                                                                                                    ]
%Cpu15 :   0.0/0.0     0[                                                                                                    ]
GiB Mem : 26.1/30.4     [                                                                                                    ]
GiB Swap:  0.0/0.0      [                                                                                                    ]

    PID USER      PR  NI    VIRT    RES  %CPU  %MEM     TIME+ S COMMAND
      1 root      20   0    0.9m   0.0m   0.0   0.0   0:00.01 S pause
      6 jenkins   20   0 4981.1m 126.3m  80.0   0.4   0:13.21 S java
     29 root      20   0    4.1m   3.4m   0.0   0.0   0:00.00 S bash
    258 jenkins   20   0    1.8m   0.5m   0.0   0.0   0:00.00 R top

top - 03:24:23 up 78 days, 21:50,  0 users,  load average: 0.44, 0.53, 0.60
Tasks:   4 total,   1 running,   3 sleeping,   0 stopped,   0 zombie
%Cpu0  :   2.0/0.0     2[||                                                                                                  ]
%Cpu1  :   2.0/0.0     2[||                                                                                                  ]
%Cpu2  :   6.1/1.0     7[|||||||                                                                                             ]
%Cpu3  :  12.0/0.0    12[||||||||||||                                                                                        ]
%Cpu4  :   0.0/0.0     0[                                                                                                    ]
%Cpu5  :   1.0/0.0     1[|                                                                                                   ]
%Cpu6  :   0.0/0.0     0[                                                                                                    ]
%Cpu7  :   2.0/0.0     2[||                                                                                                  ]
%Cpu8  :   0.0/0.0     0[                                                                                                    ]
%Cpu9  :   1.0/0.0     1[|                                                                                                   ]
%Cpu10 :   1.0/0.0     1[|                                                                                                   ]
%Cpu11 :   1.0/1.0     2[||                                                                                                  ]
%Cpu12 :   1.0/1.0     2[||                                                                                                  ]
%Cpu13 :   1.0/0.0     1[|                                                                                                   ]
%Cpu14 :   1.0/0.0     1[|                                                                                                   ]
%Cpu15 :   1.0/1.0     2[||                                                                                                  ]
GiB Mem : 26.1/30.4     [                                                                                                    ]
GiB Swap:  0.0/0.0      [                                                                                                    ]

    PID USER      PR  NI    VIRT    RES  %CPU  %MEM     TIME+ S COMMAND
      1 root      20   0    0.9m   0.0m   0.0   0.0   0:00.01 S pause
      6 jenkins   20   0 4981.1m 126.4m  28.7   0.4   0:13.50 S java
     29 root      20   0    4.1m   3.4m   0.0   0.0   0:00.00 S bash
    258 jenkins   20   0    1.8m   0.5m   0.0   0.0   0:00.00 R top

top - 03:24:24 up 78 days, 21:50,  0 users,  load average: 0.44, 0.53, 0.60
Tasks:   4 total,   1 running,   3 sleeping,   0 stopped,   0 zombie
%Cpu0  :   0.0/3.0     3[|||                                                                                                 ]
%Cpu1  :   1.0/0.0     1[|                                                                                                   ]
%Cpu2  :   1.0/1.0     2[||                                                                                                  ]
%Cpu3  :   1.0/0.0     1[|                                                                                                   ]
%Cpu4  :   0.0/2.9     3[|||                                                                                                 ]
%Cpu5  :   0.0/0.0     0[                                                                                                    ]
%Cpu6  :   0.0/1.0     1[|                                                                                                   ]
%Cpu7  :   2.0/0.0     2[||                                                                                                  ]
%Cpu8  :   1.0/0.0     1[|                                                                                                   ]
%Cpu9  :   0.0/0.0     0[                                                                                                    ]
%Cpu10 :   1.0/0.0     1[|                                                                                                   ]
%Cpu11 :   1.0/1.0     2[||                                                                                                  ]
%Cpu12 :   0.0/1.0     1[|                                                                                                   ]
%Cpu13 :   0.0/1.0     1[|                                                                                                   ]
%Cpu14 :   0.0/0.0     0[                                                                                                    ]
%Cpu15 :   1.0/0.0     1[|                                                                                                   ]
GiB Mem : 26.1/30.4     [                                                                                                    ]
GiB Swap:  0.0/0.0      [                                                                                                    ]

    PID USER      PR  NI    VIRT    RES  %CPU  %MEM     TIME+ S COMMAND
      1 root      20   0    0.9m   0.0m   0.0   0.0   0:00.01 S pause
      6 jenkins   20   0 4981.1m 126.4m  11.0   0.4   0:13.61 S java
     29 root      20   0    4.1m   3.4m   0.0   0.0   0:00.00 S bash
    258 jenkins   20   0    1.8m   0.5m   0.0   0.0   0:00.00 R top

top - 03:24:25 up 78 days, 21:50,  0 users,  load average: 0.41, 0.52, 0.60
Tasks:   4 total,   1 running,   3 sleeping,   0 stopped,   0 zombie
%Cpu0  :   1.0/0.0     1[|                                                                                                   ]
%Cpu1  :   1.0/1.0     2[||                                                                                                  ]
%Cpu2  :   1.0/1.0     2[||                                                                                                  ]
%Cpu3  :   1.0/1.0     2[||                                                                                                  ]
%Cpu4  :   3.0/0.0     3[|||                                                                                                 ]
%Cpu5  :   1.0/1.0     2[||                                                                                                  ]
%Cpu6  :   2.0/1.0     3[|||                                                                                                 ]
%Cpu7  :   3.0/0.0     3[|||                                                                                                 ]
%Cpu8  :   0.0/1.0     1[|                                                                                                   ]
%Cpu9  :   2.0/1.0     3[|||                                                                                                 ]
%Cpu10 :   1.0/0.0     1[|                                                                                                   ]
%Cpu11 :   1.0/2.0     3[|||                                                                                                 ]
%Cpu12 :   3.0/1.0     4[||||                                                                                                ]
%Cpu13 :   1.0/0.0     1[|                                                                                                   ]
%Cpu14 :   2.0/0.0     2[||                                                                                                  ]
%Cpu15 :   1.0/1.0     2[||                                                                                                  ]
GiB Mem : 26.1/30.4     [                                                                                                    ]
GiB Swap:  0.0/0.0      [                                                                                                    ]

    PID USER      PR  NI    VIRT    RES  %CPU  %MEM     TIME+ S COMMAND
      1 root      20   0    0.9m   0.0m   0.0   0.0   0:00.01 S pause
      6 jenkins   20   0 4981.1m 126.5m   4.0   0.4   0:13.65 S java
     29 root      20   0    4.1m   3.4m   0.0   0.0   0:00.00 S bash
    258 jenkins   20   0    1.8m   0.5m   0.0   0.0   0:00.00 R top

top - 03:24:26 up 78 days, 21:50,  0 users,  load average: 0.41, 0.52, 0.60
Tasks:   4 total,   1 running,   3 sleeping,   0 stopped,   0 zombie
%Cpu0  :   0.0/0.0     0[                                                                                                    ]
%Cpu1  :   0.0/0.0     0[                                                                                                    ]
%Cpu2  :   1.0/0.0     1[|                                                                                                   ]
%Cpu3  :   3.0/0.0     3[|||                                                                                                 ]
%Cpu4  :   0.0/0.0     0[                                                                                                    ]
%Cpu5  :   0.0/0.0     0[                                                                                                    ]
%Cpu6  :   0.0/0.0     0[                                                                                                    ]
%Cpu7  :   2.0/0.0     2[||                                                                                                  ]
%Cpu8  :   0.0/0.0     0[                                                                                                    ]
%Cpu9  :   0.0/0.0     0[                                                                                                    ]
%Cpu10 :   1.0/0.0     1[|                                                                                                   ]
%Cpu11 :   0.0/0.0     0[                                                                                                    ]
%Cpu12 :   0.0/0.0     0[                                                                                                    ]
%Cpu13 :   1.0/0.0     1[|                                                                                                   ]
%Cpu14 :   0.0/0.0     0[                                                                                                    ]
%Cpu15 :   0.0/0.0     0[                                                                                                    ]
GiB Mem : 26.1/30.4     [                                                                                                    ]
GiB Swap:  0.0/0.0      [                                                                                                    ]

    PID USER      PR  NI    VIRT    RES  %CPU  %MEM     TIME+ S COMMAND
      1 root      20   0    0.9m   0.0m   0.0   0.0   0:00.01 S pause
      6 jenkins   20   0 4981.1m 126.5m   1.0   0.4   0:13.66 S java
     29 root      20   0    4.1m   3.4m   0.0   0.0   0:00.00 S bash
    258 jenkins   20   0    1.8m   0.5m   0.0   0.0   0:00.00 R top

top - 03:24:27 up 78 days, 21:50,  0 users,  load average: 0.41, 0.52, 0.60
Tasks:   4 total,   1 running,   3 sleeping,   0 stopped,   0 zombie
%Cpu0  :   1.0/0.0     1[|                                                                                                   ]
%Cpu1  :   1.0/0.0     1[|                                                                                                   ]
%Cpu2  :   9.9/0.0    10[||||||||||                                                                                          ]
%Cpu3  :   9.0/2.0    11[|||||||||||                                                                                         ]
%Cpu4  :   1.0/0.0     1[|                                                                                                   ]
%Cpu5  :   1.0/0.0     1[|                                                                                                   ]
%Cpu6  :   1.0/0.0     1[|                                                                                                   ]
%Cpu7  :   3.0/0.0     3[|||                                                                                                 ]
%Cpu8  :   3.0/0.0     3[|||                                                                                                 ]
%Cpu9  :   0.0/0.0     0[                                                                                                    ]
%Cpu10 :   1.0/1.0     2[||                                                                                                  ]
%Cpu11 :   0.0/0.0     0[                                                                                                    ]
%Cpu12 :   0.0/0.0     0[                                                                                                    ]
%Cpu13 :   0.0/0.0     0[                                                                                                    ]
%Cpu14 :   0.0/1.0     1[|                                                                                                   ]
%Cpu15 :   0.0/0.0     0[                                                                                                    ]
GiB Mem : 26.1/30.4     [                                                                                                    ]
GiB Swap:  0.0/0.0      [                                                                                                    ]

    PID USER      PR  NI    VIRT    RES  %CPU  %MEM     TIME+ S COMMAND
      1 root      20   0    0.9m   0.0m   0.0   0.0   0:00.01 S pause
      6 jenkins   20   0 4981.1m 126.5m  11.0   0.4   0:13.77 S java
     29 root      20   0    4.1m   3.4m   0.0   0.0   0:00.00 S bash
    258 jenkins   20   0    1.8m   0.5m   0.0   0.0   0:00.00 R top

top - 03:24:28 up 78 days, 21:50,  0 users,  load average: 0.41, 0.52, 0.60
Tasks:   4 total,   1 running,   3 sleeping,   0 stopped,   0 zombie
%Cpu0  :   0.0/1.0     1[|                                                                                                   ]
%Cpu1  :   0.0/0.0     0[                                                                                                    ]
%Cpu2  :   0.0/0.0     0[                                                                                                    ]
%Cpu3  :   4.0/0.0     4[||||                                                                                                ]
%Cpu4  :   0.0/0.0     0[                                                                                                    ]
%Cpu5  :   1.0/0.0     1[|                                                                                                   ]
%Cpu6  :   1.0/0.0     1[|                                                                                                   ]
%Cpu7  :   0.0/0.0     0[                                                                                                    ]
%Cpu8  :   0.0/0.0     0[                                                                                                    ]
%Cpu9  :   0.0/1.0     1[|                                                                                                   ]
%Cpu10 :   0.0/0.0     0[                                                                                                    ]
%Cpu11 :   1.0/0.0     1[|                                                                                                   ]
%Cpu12 :   0.0/0.0     0[                                                                                                    ]
%Cpu13 :   0.0/1.0     1[|                                                                                                   ]
%Cpu14 :   1.0/0.0     1[|                                                                                                   ]
%Cpu15 :   1.0/0.0     1[|                                                                                                   ]
GiB Mem : 26.1/30.4     [                                                                                                    ]
GiB Swap:  0.0/0.0      [                                                                                                    ]

    PID USER      PR  NI    VIRT    RES  %CPU  %MEM     TIME+ S COMMAND
      1 root      20   0    0.9m   0.0m   0.0   0.0   0:00.01 S pause
      6 jenkins   20   0 4981.1m 126.5m   0.0   0.4   0:13.77 S java
     29 root      20   0    4.1m   3.4m   0.0   0.0   0:00.00 S bash
    258 jenkins   20   0    1.8m   0.5m   0.0   0.0   0:00.00 R top

top - 03:24:29 up 78 days, 21:50,  0 users,  load average: 0.41, 0.52, 0.60
Tasks:   4 total,   1 running,   3 sleeping,   0 stopped,   0 zombie
%Cpu0  :   0.0/0.0     0[                                                                                                    ]
%Cpu1  :   1.0/0.0     1[|                                                                                                   ]
%Cpu2  :   1.0/0.0     1[|                                                                                                   ]
%Cpu3  :   0.0/0.0     0[                                                                                                    ]
%Cpu4  :   1.0/0.0     1[|                                                                                                   ]
%Cpu5  :   1.0/0.0     1[|                                                                                                   ]
%Cpu6  :   0.0/0.0     0[                                                                                                    ]
%Cpu7  :   1.0/1.0     2[||                                                                                                  ]
%Cpu8  :   0.0/0.0     0[                                                                                                    ]
%Cpu9  :   0.0/0.0     0[                                                                                                    ]
%Cpu10 :   1.0/0.0     1[|                                                                                                   ]
%Cpu11 :   0.0/0.0     0[                                                                                                    ]
%Cpu12 :   0.0/0.0     0[                                                                                                    ]
%Cpu13 :   0.0/0.0     0[                                                                                                    ]
%Cpu14 :   0.0/0.0     0[                                                                                                    ]
%Cpu15 :   0.0/0.0     0[                                                                                                    ]
GiB Mem : 26.1/30.4     [                                                                                                    ]
GiB Swap:  0.0/0.0      [                                                                                                    ]

    PID USER      PR  NI    VIRT    RES  %CPU  %MEM     TIME+ S COMMAND
      1 root      20   0    0.9m   0.0m   0.0   0.0   0:00.01 S pause
      6 jenkins   20   0 4981.1m 126.5m   0.0   0.4   0:13.77 S java
     29 root      20   0    4.1m   3.4m   0.0   0.0   0:00.00 S bash
    258 jenkins   20   0    1.8m   0.5m   0.0   0.0   0:00.00 R top

top - 03:24:30 up 78 days, 21:50,  0 users,  load average: 0.38, 0.51, 0.59
Tasks:   4 total,   1 running,   3 sleeping,   0 stopped,   0 zombie
%Cpu0  :   3.0/1.0     4[||||                                                                                                ]
%Cpu1  :   3.0/1.0     4[||||                                                                                                ]
%Cpu2  :   3.0/2.0     5[|||||                                                                                               ]
%Cpu3  :   2.0/0.0     2[||                                                                                                  ]
%Cpu4  :   4.0/1.0     5[|||||                                                                                               ]
%Cpu5  :   2.0/1.0     3[|||                                                                                                 ]
%Cpu6  :   4.9/0.0     5[|||||                                                                                               ]
%Cpu7  :   3.0/0.0     3[|||                                                                                                 ]
%Cpu8  :   3.0/0.0     3[|||                                                                                                 ]
%Cpu9  :   3.0/0.0     3[|||                                                                                                 ]
%Cpu10 :   5.0/3.0     8[||||||||                                                                                            ]
%Cpu11 :   2.0/0.0     2[||                                                                                                  ]
%Cpu12 :   4.0/0.0     4[||||                                                                                                ]
%Cpu13 :   2.0/0.0     2[||                                                                                                  ]
%Cpu14 :   3.0/0.0     3[|||                                                                                                 ]
%Cpu15 :   5.0/8.0    13[|||||||||||||                                                                                       ]
GiB Mem : 26.1/30.4     [                                                                                                    ]
GiB Swap:  0.0/0.0      [                                                                                                    ]

    PID USER      PR  NI    VIRT    RES  %CPU  %MEM     TIME+ S COMMAND
      1 root      20   0    0.9m   0.0m   0.0   0.0   0:00.01 S pause
      6 jenkins   20   0 4981.1m 126.5m   0.0   0.4   0:13.77 S java
     29 root      20   0    4.1m   3.4m   0.0   0.0   0:00.00 S bash
    258 jenkins   20   0    1.8m   0.5m   0.0   0.0   0:00.00 R top

top - 03:24:31 up 78 days, 21:50,  0 users,  load average: 0.38, 0.51, 0.59
Tasks:   4 total,   1 running,   3 sleeping,   0 stopped,   0 zombie
%Cpu0  :   0.0/0.0     0[                                                                                                    ]
%Cpu1  :   0.0/1.0     1[|                                                                                                   ]
%Cpu2  :   1.0/0.0     1[|                                                                                                   ]
%Cpu3  :   1.0/2.0     3[|||                                                                                                 ]
%Cpu4  :   1.0/1.0     2[||                                                                                                  ]
%Cpu5  :   0.0/0.0     0[                                                                                                    ]
%Cpu6  :   1.0/1.0     2[||                                                                                                  ]
%Cpu7  :   0.0/0.0     0[                                                                                                    ]
%Cpu8  :   1.0/1.0     2[||                                                                                                  ]
%Cpu9  :   1.0/2.0     3[|||                                                                                                 ]
%Cpu10 :   1.0/0.0     1[|                                                                                                   ]
%Cpu11 :   1.0/1.0     2[||                                                                                                  ]
%Cpu12 :   1.0/1.0     2[||                                                                                                  ]
%Cpu13 :   2.0/1.0     3[|||                                                                                                 ]
%Cpu14 :   0.0/0.0     0[                                                                                                    ]
%Cpu15 :   1.0/1.0     2[||                                                                                                  ]
GiB Mem : 26.1/30.4     [                                                                                                    ]
GiB Swap:  0.0/0.0      [                                                                                                    ]

    PID USER      PR  NI    VIRT    RES  %CPU  %MEM     TIME+ S COMMAND
      1 root      20   0    0.9m   0.0m   0.0   0.0   0:00.01 S pause
      6 jenkins   20   0 4981.1m 126.5m   1.0   0.4   0:13.78 S java
     29 root      20   0    4.1m   3.4m   0.0   0.0   0:00.00 S bash
    258 jenkins   20   0    1.8m   0.5m   0.0   0.0   0:00.00 R top
